2023-12-10 19:15:56.514 [info] Log level: Info
2023-12-10 19:15:56.514 [info] Validating found git in: "git"
2023-12-10 19:15:56.514 [info] Using git "2.25.1" from "git"
2023-12-10 19:15:56.514 [info] > git rev-parse --show-toplevel [17ms]
2023-12-10 19:15:56.514 [info] fatal: not a git repository (or any of the parent directories): .git
2023-12-10 19:15:56.514 [info] > git rev-parse --show-toplevel [3ms]
2023-12-10 19:15:56.514 [info] fatal: not a git repository (or any of the parent directories): .git
2023-12-10 19:15:56.514 [info] > git rev-parse --show-toplevel [6ms]
2023-12-10 19:15:56.514 [info] fatal: not a git repository (or any of the parent directories): .git
2023-12-10 19:15:56.514 [info] > git rev-parse --show-toplevel [5ms]
2023-12-10 19:15:56.514 [info] fatal: not a git repository (or any of the parent directories): .git
2023-12-10 19:15:56.622 [info] > git rev-parse --show-toplevel [109ms]
2023-12-10 19:15:56.622 [info] fatal: not a git repository (or any of the parent directories): .git
2023-12-10 19:15:56.662 [info] > git rev-parse --show-toplevel [5ms]
2023-12-10 19:15:56.662 [info] fatal: not a git repository (or any of the parent directories): .git
2023-12-10 19:15:56.683 [info] > git rev-parse --show-toplevel [3ms]
2023-12-10 19:15:56.683 [info] fatal: not a git repository (or any of the parent directories): .git
2023-12-10 19:15:56.801 [info] > git rev-parse --show-toplevel [106ms]
2023-12-10 19:15:56.801 [info] fatal: not a git repository (or any of the parent directories): .git
2023-12-10 19:15:56.851 [info] > git rev-parse --show-toplevel [10ms]
2023-12-10 19:15:56.851 [info] fatal: not a git repository (or any of the parent directories): .git
2023-12-10 19:15:56.878 [info] > git rev-parse --show-toplevel [4ms]
2023-12-10 19:15:56.878 [info] fatal: not a git repository (or any of the parent directories): .git
2023-12-10 19:15:56.986 [info] > git rev-parse --show-toplevel [74ms]
2023-12-10 19:15:57.023 [info] > git rev-parse --git-dir --git-common-dir [11ms]
2023-12-10 19:15:57.043 [info] Open repository: /home/aanjoorin/git
2023-12-10 19:15:57.078 [info] > git config --get commit.template [13ms]
2023-12-10 19:15:57.080 [info] > git rev-parse --show-toplevel [5ms]
2023-12-10 19:15:57.080 [info] fatal: not a git repository (or any of the parent directories): .git
2023-12-10 19:15:57.095 [info] > git for-each-ref --format=%(refname)%00%(upstream:short)%00%(objectname)%00%(upstream:track)%00%(upstream:remotename)%00%(upstream:remoteref) refs/heads/master refs/remotes/master [5ms]
2023-12-10 19:15:57.216 [info] > git rev-parse --show-toplevel [2ms]
2023-12-10 19:15:57.216 [info] fatal: not a git repository (or any of the parent directories): .git
2023-12-10 19:15:57.729 [info] > git status -z -uall [624ms]
2023-12-10 19:15:57.749 [info] > git config --get commit.template [7ms]
2023-12-10 19:15:57.749 [info] > git for-each-ref --format=%(refname)%00%(upstream:short)%00%(objectname)%00%(upstream:track)%00%(upstream:remotename)%00%(upstream:remoteref) refs/heads/master refs/remotes/master [1ms]
2023-12-10 19:15:57.967 [info] > git status -z -uall [214ms]
2023-12-10 19:15:58.479 [info] > git rev-parse --show-toplevel [2ms]
2023-12-10 19:16:00.325 [info] > git rev-parse --show-toplevel [1ms]
2023-12-10 19:16:00.325 [info] fatal: not a git repository (or any of the parent directories): .git
2023-12-10 19:16:00.332 [info] > git rev-parse --show-toplevel [1ms]
2023-12-10 19:16:00.332 [info] fatal: not a git repository (or any of the parent directories): .git
2023-12-10 19:16:02.308 [info] > git rev-parse --show-toplevel [1ms]
2023-12-10 19:16:02.308 [info] fatal: not a git repository (or any of the parent directories): .git
2023-12-10 19:16:02.314 [info] > git rev-parse --show-toplevel [1ms]
2023-12-10 19:16:02.314 [info] fatal: not a git repository (or any of the parent directories): .git
2023-12-10 19:16:02.319 [info] > git rev-parse --show-toplevel [1ms]
2023-12-10 19:16:02.319 [info] fatal: not a git repository (or any of the parent directories): .git
2023-12-10 19:16:04.757 [info] > git rev-parse --show-toplevel [2ms]
2023-12-10 19:16:04.757 [info] fatal: not a git repository (or any of the parent directories): .git
2023-12-10 19:16:04.763 [info] > git rev-parse --show-toplevel [1ms]
2023-12-10 19:16:04.763 [info] fatal: not a git repository (or any of the parent directories): .git
2023-12-10 19:16:06.483 [info] > git rev-parse --show-toplevel [2ms]
2023-12-10 19:16:06.483 [info] fatal: not a git repository (or any of the parent directories): .git
2023-12-10 19:16:06.492 [info] > git rev-parse --show-toplevel [2ms]
2023-12-10 19:16:06.492 [info] fatal: not a git repository (or any of the parent directories): .git
2023-12-10 19:16:06.503 [info] > git rev-parse --show-toplevel [1ms]
2023-12-10 19:16:06.503 [info] fatal: not a git repository (or any of the parent directories): .git
2023-12-10 19:16:09.852 [info] > git rev-parse --show-toplevel [1ms]
2023-12-10 19:16:09.852 [info] fatal: not a git repository (or any of the parent directories): .git
2023-12-10 19:16:09.861 [info] > git rev-parse --show-toplevel [2ms]
2023-12-10 19:16:09.861 [info] fatal: not a git repository (or any of the parent directories): .git
2023-12-10 19:16:11.202 [info] > git rev-parse --show-toplevel [1ms]
2023-12-10 19:16:11.203 [info] fatal: not a git repository (or any of the parent directories): .git
2023-12-10 19:16:11.211 [info] > git rev-parse --show-toplevel [2ms]
2023-12-10 19:16:11.211 [info] fatal: not a git repository (or any of the parent directories): .git
2023-12-10 19:16:11.217 [info] > git rev-parse --show-toplevel [1ms]
2023-12-10 19:16:11.217 [info] fatal: not a git repository (or any of the parent directories): .git
2023-12-10 19:16:13.028 [info] > git rev-parse --show-toplevel [0ms]
2023-12-10 19:16:13.028 [info] fatal: not a git repository (or any of the parent directories): .git
2023-12-10 19:16:13.035 [info] > git rev-parse --show-toplevel [1ms]
2023-12-10 19:16:13.035 [info] fatal: not a git repository (or any of the parent directories): .git
2023-12-10 19:16:16.103 [info] > git rev-parse --show-toplevel [1ms]
2023-12-10 19:16:16.103 [info] fatal: not a git repository (or any of the parent directories): .git
2023-12-10 19:16:18.005 [info] > git rev-parse --show-toplevel [4ms]
2023-12-10 19:16:18.005 [info] fatal: not a git repository (or any of the parent directories): .git
2023-12-10 19:16:24.602 [info] > git rev-parse --show-toplevel [1ms]
2023-12-10 19:16:24.602 [info] fatal: not a git repository (or any of the parent directories): .git
2023-12-10 19:16:26.186 [info] > git rev-parse --show-toplevel [4ms]
2023-12-10 19:16:26.186 [info] fatal: not a git repository (or any of the parent directories): .git
2023-12-10 19:16:27.495 [info] > git rev-parse --show-toplevel [2ms]
2023-12-10 19:16:27.496 [info] fatal: not a git repository (or any of the parent directories): .git
2023-12-10 19:16:29.599 [info] > git rev-parse --show-toplevel [4ms]
2023-12-10 19:16:29.599 [info] fatal: not a git repository (or any of the parent directories): .git
2023-12-10 19:16:31.905 [info] > git rev-parse --show-toplevel [3ms]
2023-12-10 19:16:31.905 [info] fatal: not a git repository (or any of the parent directories): .git
2023-12-10 19:16:33.809 [info] > git rev-parse --show-toplevel [1ms]
2023-12-10 19:16:33.809 [info] fatal: not a git repository (or any of the parent directories): .git
2023-12-10 19:16:35.410 [info] > git rev-parse --show-toplevel [2ms]
2023-12-10 19:16:35.410 [info] fatal: not a git repository (or any of the parent directories): .git
2023-12-10 19:16:38.443 [info] > git rev-parse --show-toplevel [2ms]
2023-12-10 19:16:38.443 [info] fatal: not a git repository (or any of the parent directories): .git
2023-12-10 19:16:42.234 [info] > git rev-parse --show-toplevel [1ms]
2023-12-10 19:16:42.234 [info] fatal: not a git repository (or any of the parent directories): .git
2023-12-10 19:16:43.846 [info] > git rev-parse --show-toplevel [2ms]
2023-12-10 19:16:43.846 [info] fatal: not a git repository (or any of the parent directories): .git
2023-12-10 19:16:46.801 [info] > git rev-parse --show-toplevel [1ms]
2023-12-10 19:16:46.801 [info] fatal: not a git repository (or any of the parent directories): .git
2023-12-10 19:16:48.875 [info] > git rev-parse --show-toplevel [2ms]
2023-12-10 19:16:48.875 [info] fatal: not a git repository (or any of the parent directories): .git
2023-12-10 19:16:50.669 [info] > git rev-parse --show-toplevel [0ms]
2023-12-10 19:16:50.669 [info] fatal: not a git repository (or any of the parent directories): .git
2023-12-10 19:16:52.571 [info] > git rev-parse --show-toplevel [1ms]
2023-12-10 19:16:52.571 [info] fatal: not a git repository (or any of the parent directories): .git
2023-12-10 19:16:54.134 [info] > git rev-parse --show-toplevel [1ms]
2023-12-10 19:16:54.134 [info] fatal: not a git repository (or any of the parent directories): .git
2023-12-10 19:16:57.038 [info] > git rev-parse --show-toplevel [2ms]
2023-12-10 19:16:57.038 [info] fatal: not a git repository (or any of the parent directories): .git
2023-12-10 19:16:57.799 [info] > git rev-parse --show-toplevel [1ms]
2023-12-10 19:16:57.799 [info] fatal: not a git repository (or any of the parent directories): .git
2023-12-10 19:17:00.235 [info] > git rev-parse --show-toplevel [1ms]
2023-12-10 19:17:00.235 [info] fatal: not a git repository (or any of the parent directories): .git
2023-12-10 19:17:06.146 [info] > git rev-parse --show-toplevel [1ms]
2023-12-10 19:17:06.146 [info] fatal: not a git repository (or any of the parent directories): .git
2023-12-10 19:17:08.013 [info] > git rev-parse --show-toplevel [1ms]
2023-12-10 19:17:08.013 [info] fatal: not a git repository (or any of the parent directories): .git
2023-12-10 19:17:10.264 [info] > git rev-parse --show-toplevel [0ms]
2023-12-10 19:17:10.264 [info] fatal: not a git repository (or any of the parent directories): .git
2023-12-10 19:17:13.249 [info] > git rev-parse --show-toplevel [0ms]
2023-12-10 19:17:13.249 [info] fatal: not a git repository (or any of the parent directories): .git
2023-12-10 19:17:28.907 [info] > git check-ignore -v -z --stdin [1ms]
2023-12-10 19:18:06.338 [info] > git add -A -- . [200ms]
2023-12-10 19:18:06.358 [info] > git -c user.useConfigOnly=true commit --quiet --allow-empty-message --file - --allow-empty [16ms]
2023-12-10 19:18:06.363 [info] > git config --get commit.template [1ms]
2023-12-10 19:18:06.371 [info] > git config --get commit.template [3ms]
2023-12-10 19:18:06.372 [info] > git for-each-ref --format=%(refname)%00%(upstream:short)%00%(objectname)%00%(upstream:track)%00%(upstream:remotename)%00%(upstream:remoteref) refs/heads/master refs/remotes/master [1ms]
2023-12-10 19:18:06.381 [info] > git status -z -uall [6ms]
2023-12-10 19:18:06.413 [info] > git config --get commit.template [1ms]
2023-12-10 19:18:06.420 [info] > git for-each-ref --format=%(refname)%00%(upstream:short)%00%(objectname)%00%(upstream:track)%00%(upstream:remotename)%00%(upstream:remoteref) refs/heads/master refs/remotes/master [2ms]
2023-12-10 19:18:06.433 [info] > git status -z -uall [9ms]
2023-12-10 19:18:06.940 [info] > git rev-parse --show-toplevel [1ms]
2023-12-10 19:18:07.492 [info] > git config --get commit.template [1ms]
2023-12-10 19:18:07.498 [info] > git for-each-ref --format=%(refname)%00%(upstream:short)%00%(objectname)%00%(upstream:track)%00%(upstream:remotename)%00%(upstream:remoteref) refs/heads/master refs/remotes/master [1ms]
2023-12-10 19:18:07.509 [info] > git status -z -uall [6ms]
2023-12-10 19:18:08.018 [info] > git rev-parse --show-toplevel [1ms]
2023-12-10 19:18:13.631 [info] > git log --oneline --cherry master...master@{upstream} -- [2ms]
2023-12-10 19:18:21.073 [info] > git pull --tags origin master [7432ms]
2023-12-10 19:18:21.074 [info] From https://github.com/git/git
 * branch                  master      -> FETCH_HEAD
 * [new tag]               v2.30.5     -> v2.30.5
 * [new tag]               v2.30.6     -> v2.30.6
 * [new tag]               v2.30.7     -> v2.30.7
 * [new tag]               v2.30.8     -> v2.30.8
 * [new tag]               v2.30.9     -> v2.30.9
 * [new tag]               v2.31.4     -> v2.31.4
 * [new tag]               v2.31.5     -> v2.31.5
 * [new tag]               v2.31.6     -> v2.31.6
 * [new tag]               v2.31.7     -> v2.31.7
 * [new tag]               v2.31.8     -> v2.31.8
 * [new tag]               v2.32.3     -> v2.32.3
 * [new tag]               v2.32.4     -> v2.32.4
 * [new tag]               v2.32.5     -> v2.32.5
 * [new tag]               v2.32.6     -> v2.32.6
 * [new tag]               v2.32.7     -> v2.32.7
 * [new tag]               v2.33.4     -> v2.33.4
 * [new tag]               v2.33.5     -> v2.33.5
 * [new tag]               v2.33.6     -> v2.33.6
 * [new tag]               v2.33.7     -> v2.33.7
 * [new tag]               v2.33.8     -> v2.33.8
 * [new tag]               v2.34.4     -> v2.34.4
 * [new tag]               v2.34.5     -> v2.34.5
 * [new tag]               v2.34.6     -> v2.34.6
 * [new tag]               v2.34.7     -> v2.34.7
 * [new tag]               v2.34.8     -> v2.34.8
 * [new tag]               v2.35.4     -> v2.35.4
 * [new tag]               v2.35.5     -> v2.35.5
 * [new tag]               v2.35.6     -> v2.35.6
 * [new tag]               v2.35.7     -> v2.35.7
 * [new tag]               v2.35.8     -> v2.35.8
 * [new tag]               v2.36.0     -> v2.36.0
 * [new tag]               v2.36.1     -> v2.36.1
 * [new tag]               v2.36.2     -> v2.36.2
 * [new tag]               v2.36.3     -> v2.36.3
 * [new tag]               v2.36.4     -> v2.36.4
 * [new tag]               v2.36.5     -> v2.36.5
 * [new tag]               v2.36.6     -> v2.36.6
 * [new tag]               v2.37.0     -> v2.37.0
 * [new tag]               v2.37.0-rc0 -> v2.37.0-rc0
 * [new tag]               v2.37.0-rc1 -> v2.37.0-rc1
 * [new tag]               v2.37.0-rc2 -> v2.37.0-rc2
 * [new tag]               v2.37.1     -> v2.37.1
 * [new tag]               v2.37.2     -> v2.37.2
 * [new tag]               v2.37.3     -> v2.37.3
 * [new tag]               v2.37.4     -> v2.37.4
 * [new tag]               v2.37.5     -> v2.37.5
 * [new tag]               v2.37.6     -> v2.37.6
 * [new tag]               v2.37.7     -> v2.37.7
 * [new tag]               v2.38.0     -> v2.38.0
 * [new tag]               v2.38.0-rc0 -> v2.38.0-rc0
 * [new tag]               v2.38.0-rc1 -> v2.38.0-rc1
 * [new tag]               v2.38.0-rc2 -> v2.38.0-rc2
 * [new tag]               v2.38.1     -> v2.38.1
 * [new tag]               v2.38.2     -> v2.38.2
 * [new tag]               v2.38.3     -> v2.38.3
 * [new tag]               v2.38.4     -> v2.38.4
 * [new tag]               v2.38.5     -> v2.38.5
 * [new tag]               v2.39.0     -> v2.39.0
 * [new tag]               v2.39.0-rc0 -> v2.39.0-rc0
 * [new tag]               v2.39.0-rc1 -> v2.39.0-rc1
 * [new tag]               v2.39.0-rc2 -> v2.39.0-rc2
 * [new tag]               v2.39.1     -> v2.39.1
 * [new tag]               v2.39.2     -> v2.39.2
 * [new tag]               v2.39.3     -> v2.39.3
 * [new tag]               v2.40.0     -> v2.40.0
 * [new tag]               v2.40.0-rc0 -> v2.40.0-rc0
 * [new tag]               v2.40.0-rc1 -> v2.40.0-rc1
 * [new tag]               v2.40.0-rc2 -> v2.40.0-rc2
 * [new tag]               v2.40.1     -> v2.40.1
 * [new tag]               v2.41.0     -> v2.41.0
 * [new tag]               v2.41.0-rc0 -> v2.41.0-rc0
 * [new tag]               v2.41.0-rc1 -> v2.41.0-rc1
 * [new tag]               v2.41.0-rc2 -> v2.41.0-rc2
 * [new tag]               v2.42.0     -> v2.42.0
 * [new tag]               v2.42.0-rc0 -> v2.42.0-rc0
 * [new tag]               v2.42.0-rc1 -> v2.42.0-rc1
 * [new tag]               v2.42.0-rc2 -> v2.42.0-rc2
 * [new tag]               v2.42.1     -> v2.42.1
 * [new tag]               v2.43.0     -> v2.43.0
 * [new tag]               v2.43.0-rc0 -> v2.43.0-rc0
 * [new tag]               v2.43.0-rc1 -> v2.43.0-rc1
 * [new tag]               v2.43.0-rc2 -> v2.43.0-rc2
   4027e30c53..1a87c842ec  master      -> origin/master
2023-12-10 19:19:05.178 [info] > git push origin master:master [44098ms]
2023-12-10 19:19:05.178 [info] remote: Permission to git/git.git denied to aanjoorin.
fatal: unable to access 'https://github.com/git/git/': The requested URL returned error: 403
2023-12-10 19:19:14.563 [info] > git remote rename origin upstream [16ms]
2023-12-10 19:19:14.572 [info] > git config --get commit.template [4ms]
2023-12-10 19:19:14.610 [info] > git for-each-ref --format=%(refname)%00%(upstream:short)%00%(objectname)%00%(upstream:track)%00%(upstream:remotename)%00%(upstream:remoteref) refs/heads/master refs/remotes/master [38ms]
2023-12-10 19:19:14.729 [info] > git status -z -uall [116ms]
2023-12-10 19:19:14.742 [info] > git remote add origin https://github.com/aanjoorin/git.git [5ms]
2023-12-10 19:19:14.755 [info] > git config --get commit.template [8ms]
2023-12-10 19:19:14.797 [info] > git for-each-ref --format=%(refname)%00%(upstream:short)%00%(objectname)%00%(upstream:track)%00%(upstream:remotename)%00%(upstream:remoteref) refs/heads/master refs/remotes/master [45ms]
2023-12-10 19:19:14.916 [info] > git status -z -uall [114ms]
2023-12-10 19:19:15.272 [info] > git fetch origin master [350ms]
2023-12-10 19:19:15.272 [info] remote: Repository not found.
fatal: repository 'https://github.com/aanjoorin/git.git/' not found
2023-12-10 19:19:15.278 [info] > git config --get commit.template [1ms]
2023-12-10 19:19:15.317 [info] > git for-each-ref --format=%(refname)%00%(upstream:short)%00%(objectname)%00%(upstream:track)%00%(upstream:remotename)%00%(upstream:remoteref) refs/heads/master refs/remotes/master [37ms]
2023-12-10 19:19:15.422 [info] > git status -z -uall [101ms]
2023-12-10 19:19:15.427 [info] > git rev-parse --show-toplevel [5ms]
2023-12-10 19:19:15.765 [info] > git push -u origin master [337ms]
2023-12-10 19:19:15.765 [info] remote: Repository not found.
fatal: repository 'https://github.com/aanjoorin/git.git/' not found
2023-12-10 19:19:15.773 [info] > git config --get commit.template [3ms]
2023-12-10 19:19:15.808 [info] > git for-each-ref --format=%(refname)%00%(upstream:short)%00%(objectname)%00%(upstream:track)%00%(upstream:remotename)%00%(upstream:remoteref) refs/heads/master refs/remotes/master [35ms]
2023-12-10 19:19:15.914 [info] > git status -z -uall [102ms]
2023-12-10 19:19:15.925 [info] > git config --get commit.template [4ms]
2023-12-10 19:19:15.968 [info] > git for-each-ref --format=%(refname)%00%(upstream:short)%00%(objectname)%00%(upstream:track)%00%(upstream:remotename)%00%(upstream:remoteref) refs/heads/master refs/remotes/master [43ms]
2023-12-10 19:19:16.078 [info] > git status -z -uall [104ms]
2023-12-10 19:19:16.586 [info] > git rev-parse --show-toplevel [1ms]
2023-12-10 19:19:26.783 [info] > git rev-parse --show-toplevel [27ms]
2023-12-10 19:19:26.783 [info] fatal: not a git repository (or any of the parent directories): .git
2023-12-10 19:19:26.785 [info] > git log --oneline --cherry master...master@{upstream} -- [60ms]
2023-12-10 19:19:27.211 [info] > git pull --tags upstream master [418ms]
2023-12-10 19:19:27.211 [info] From https://github.com/git/git
 * branch                  master     -> FETCH_HEAD
2023-12-10 19:19:27.594 [info] > git push upstream master:master [379ms]
2023-12-10 19:19:27.594 [info] remote: Permission to git/git.git denied to aanjoorin.
fatal: unable to access 'https://github.com/git/git/': The requested URL returned error: 403
2023-12-10 19:19:32.915 [info] > git config --get commit.template [1ms]
2023-12-10 19:19:32.972 [info] > git for-each-ref --format=%(refname)%00%(upstream:short)%00%(objectname)%00%(upstream:track)%00%(upstream:remotename)%00%(upstream:remoteref) refs/heads/master refs/remotes/master [50ms]
2023-12-10 19:19:33.088 [info] > git status -z -uall [113ms]
2023-12-10 19:19:33.596 [info] > git rev-parse --show-toplevel [1ms]
2023-12-10 19:19:40.902 [info] > git rev-parse --show-toplevel [1ms]
2023-12-10 19:19:40.902 [info] fatal: not a git repository (or any of the parent directories): .git
2023-12-10 19:19:43.986 [info] > git fetch [3089ms]
2023-12-10 19:19:43.986 [info] From https://github.com/git/git
 * [new branch]            jch        -> upstream/jch
   d516b2db0a..564d0252ca  maint      -> upstream/maint
 + 48e68dd0fd...f48423a30a next       -> upstream/next  (forced update)
 + 4b908271d3...be06af0a82 seen       -> upstream/seen  (forced update)
   e659541d82..4dec8a351a  todo       -> upstream/todo
2023-12-10 19:19:43.992 [info] > git config --get commit.template [0ms]
2023-12-10 19:19:44.033 [info] > git for-each-ref --format=%(refname)%00%(upstream:short)%00%(objectname)%00%(upstream:track)%00%(upstream:remotename)%00%(upstream:remoteref) refs/heads/master refs/remotes/master [39ms]
2023-12-10 19:19:44.138 [info] > git status -z -uall [101ms]
2023-12-10 19:19:44.644 [info] > git rev-parse --show-toplevel [0ms]
2023-12-10 19:22:44.665 [info] > git fetch [519ms]
2023-12-10 19:22:44.671 [info] > git config --get commit.template [0ms]
2023-12-10 19:22:44.708 [info] > git for-each-ref --format=%(refname)%00%(upstream:short)%00%(objectname)%00%(upstream:track)%00%(upstream:remotename)%00%(upstream:remoteref) refs/heads/master refs/remotes/master [35ms]
2023-12-10 19:22:44.814 [info] > git status -z -uall [102ms]
2023-12-10 19:22:45.321 [info] > git rev-parse --show-toplevel [0ms]
2023-12-10 19:25:45.213 [info] > git fetch [389ms]
2023-12-10 19:25:45.219 [info] > git config --get commit.template [1ms]
2023-12-10 19:25:45.257 [info] > git for-each-ref --format=%(refname)%00%(upstream:short)%00%(objectname)%00%(upstream:track)%00%(upstream:remotename)%00%(upstream:remoteref) refs/heads/master refs/remotes/master [35ms]
2023-12-10 19:25:45.367 [info] > git status -z -uall [105ms]
2023-12-10 19:25:45.873 [info] > git rev-parse --show-toplevel [1ms]
2023-12-10 19:28:45.909 [info] > git fetch [533ms]
2023-12-10 19:28:45.915 [info] > git config --get commit.template [1ms]
2023-12-10 19:28:45.955 [info] > git for-each-ref --format=%(refname)%00%(upstream:short)%00%(objectname)%00%(upstream:track)%00%(upstream:remotename)%00%(upstream:remoteref) refs/heads/master refs/remotes/master [35ms]
2023-12-10 19:28:46.067 [info] > git status -z -uall [109ms]
2023-12-10 19:28:46.583 [info] > git rev-parse --show-toplevel [1ms]
2023-12-10 19:31:46.863 [info] > git fetch [786ms]
2023-12-10 19:31:46.868 [info] > git config --get commit.template [0ms]
2023-12-10 19:31:46.905 [info] > git for-each-ref --format=%(refname)%00%(upstream:short)%00%(objectname)%00%(upstream:track)%00%(upstream:remotename)%00%(upstream:remoteref) refs/heads/master refs/remotes/master [35ms]
2023-12-10 19:31:47.013 [info] > git status -z -uall [105ms]
2023-12-10 19:31:47.520 [info] > git rev-parse --show-toplevel [2ms]
2023-12-10 19:34:47.566 [info] > git fetch [544ms]
2023-12-10 19:34:47.571 [info] > git config --get commit.template [1ms]
2023-12-10 19:34:47.608 [info] > git for-each-ref --format=%(refname)%00%(upstream:short)%00%(objectname)%00%(upstream:track)%00%(upstream:remotename)%00%(upstream:remoteref) refs/heads/master refs/remotes/master [34ms]
2023-12-10 19:34:47.718 [info] > git status -z -uall [107ms]
2023-12-10 19:34:48.222 [info] > git rev-parse --show-toplevel [1ms]
2023-12-10 19:36:41.357 [warning] ENOENT: no such file or directory, open '/home/aanjoorin/git/.git/HEAD'
2023-12-10 19:36:41.363 [warning] getRemotes() - ENOENT: no such file or directory, open '/home/aanjoorin/git/.git/config'
2023-12-10 19:36:41.371 [warning] ENOENT: no such file or directory, open '/home/aanjoorin/git/.git/HEAD'
2023-12-10 19:36:41.376 [warning] getRemotes() - ENOENT: no such file or directory, open '/home/aanjoorin/git/.git/config'
2023-12-10 19:45:25.229 [info] > git rev-parse --show-toplevel [0ms]
2023-12-10 19:45:25.235 [info] > git rev-parse --git-dir --git-common-dir [1ms]
2023-12-10 19:45:25.244 [info] Open repository: /home/aanjoorin/globalPayments
2023-12-10 19:45:25.249 [info] > git fetch [6ms]
2023-12-10 19:45:25.250 [info] > git config --get commit.template [2ms]
2023-12-10 19:45:25.253 [info] No remotes found in the git config file.
2023-12-10 19:45:25.257 [info] > git for-each-ref --format=%(refname)%00%(upstream:short)%00%(objectname)%00%(upstream:track)%00%(upstream:remotename)%00%(upstream:remoteref) refs/heads/master refs/remotes/master [1ms]
2023-12-10 19:45:25.259 [info] > git config --get commit.template [6ms]
2023-12-10 19:45:25.262 [info] No remotes found in the git config file.
2023-12-10 19:45:25.266 [info] > git for-each-ref --format=%(refname)%00%(upstream:short)%00%(objectname)%00%(upstream:track)%00%(upstream:remotename)%00%(upstream:remoteref) refs/heads/master refs/remotes/master [4ms]
2023-12-10 19:45:25.267 [info] > git config --get commit.template [2ms]
2023-12-10 19:45:25.270 [info] No remotes found in the git config file.
2023-12-10 19:45:25.270 [info] > git for-each-ref --format=%(refname)%00%(upstream:short)%00%(objectname)%00%(upstream:track)%00%(upstream:remotename)%00%(upstream:remoteref) refs/heads/master refs/remotes/master [1ms]
2023-12-10 19:45:25.276 [info] > git status -z -uall [3ms]
2023-12-10 19:45:25.337 [info] > git rev-parse --show-toplevel [1ms]
2023-12-10 19:45:25.337 [info] fatal: not a git repository (or any of the parent directories): .git
2023-12-10 19:45:25.962 [info] > git check-ignore -v -z --stdin [1ms]
2023-12-10 19:45:26.380 [info] > git config --get commit.template [1ms]
2023-12-10 19:45:26.383 [info] No remotes found in the git config file.
2023-12-10 19:45:26.384 [info] > git for-each-ref --format=%(refname)%00%(upstream:short)%00%(objectname)%00%(upstream:track)%00%(upstream:remotename)%00%(upstream:remoteref) refs/heads/master refs/remotes/master [1ms]
2023-12-10 19:45:26.387 [info] > git status -z -uall [1ms]
2023-12-10 19:46:10.304 [info] > git config --get commit.template [0ms]
2023-12-10 19:46:10.308 [info] No remotes found in the git config file.
2023-12-10 19:46:10.308 [info] > git for-each-ref --format=%(refname)%00%(upstream:short)%00%(objectname)%00%(upstream:track)%00%(upstream:remotename)%00%(upstream:remoteref) refs/heads/master refs/remotes/master [1ms]
2023-12-10 19:46:10.442 [info] > git status -z -uall [130ms]
2023-12-10 19:46:11.092 [info] > git check-ignore -v -z --stdin [1ms]
2023-12-10 19:47:01.221 [info] No remotes found in the git config file.
2023-12-10 19:47:01.221 [info] > git config --get commit.template [4ms]
2023-12-10 19:47:01.222 [info] > git for-each-ref --format=%(refname)%00%(upstream:short)%00%(objectname)%00%(upstream:track)%00%(upstream:remotename)%00%(upstream:remoteref) refs/heads/master refs/remotes/master [2ms]
2023-12-10 19:47:01.228 [info] > git status -z -uall [1ms]
2023-12-10 19:48:24.572 [warning] Failed to get repository realpath for: "/home/aanjoorin/git/". Error: ENOENT: no such file or directory, realpath '/home/aanjoorin/git/'
2023-12-10 19:48:24.581 [warning] Failed to get repository realpath for: "/home/aanjoorin/git/po/". Error: ENOENT: no such file or directory, realpath '/home/aanjoorin/git/po/'
2023-12-10 19:48:24.586 [warning] Failed to get repository realpath for: "/home/aanjoorin/git/git-gui/". Error: ENOENT: no such file or directory, realpath '/home/aanjoorin/git/git-gui/'
2023-12-10 19:48:24.589 [warning] Failed to get repository realpath for: "/home/aanjoorin/git/gitk-git/". Error: ENOENT: no such file or directory, realpath '/home/aanjoorin/git/gitk-git/'
2023-12-10 19:48:24.592 [warning] Failed to get repository realpath for: "/home/aanjoorin/git/templates/". Error: ENOENT: no such file or directory, realpath '/home/aanjoorin/git/templates/'
2023-12-10 19:48:24.594 [warning] Failed to get repository realpath for: "/home/aanjoorin/git/sha1dc/". Error: ENOENT: no such file or directory, realpath '/home/aanjoorin/git/sha1dc/'
2023-12-10 19:48:24.597 [warning] Failed to get repository realpath for: "/home/aanjoorin/git/t/". Error: ENOENT: no such file or directory, realpath '/home/aanjoorin/git/t/'
2023-12-10 19:48:24.599 [warning] Failed to get repository realpath for: "/home/aanjoorin/git/perl/". Error: ENOENT: no such file or directory, realpath '/home/aanjoorin/git/perl/'
2023-12-10 19:48:24.602 [warning] Failed to get repository realpath for: "/home/aanjoorin/git/oss-fuzz/". Error: ENOENT: no such file or directory, realpath '/home/aanjoorin/git/oss-fuzz/'
2023-12-10 19:48:24.605 [warning] Failed to get repository realpath for: "/home/aanjoorin/git/compat/". Error: ENOENT: no such file or directory, realpath '/home/aanjoorin/git/compat/'
2023-12-10 19:48:24.610 [warning] Failed to get repository realpath for: "/home/aanjoorin/git/Documentation/". Error: ENOENT: no such file or directory, realpath '/home/aanjoorin/git/Documentation/'
2023-12-10 19:48:24.672 [info] No remotes found in the git config file.
2023-12-10 19:48:24.672 [info] > git config --get commit.template [4ms]
2023-12-10 19:48:24.673 [info] > git for-each-ref --format=%(refname)%00%(upstream:short)%00%(objectname)%00%(upstream:track)%00%(upstream:remotename)%00%(upstream:remoteref) refs/heads/master refs/remotes/master [1ms]
2023-12-10 19:48:24.677 [info] > git status -z -uall [1ms]
2023-12-10 19:48:25.281 [info] > git fetch [4ms]
2023-12-10 19:48:25.285 [info] > git config --get commit.template [0ms]
2023-12-10 19:48:25.288 [info] No remotes found in the git config file.
2023-12-10 19:48:25.288 [info] > git for-each-ref --format=%(refname)%00%(upstream:short)%00%(objectname)%00%(upstream:track)%00%(upstream:remotename)%00%(upstream:remoteref) refs/heads/master refs/remotes/master [1ms]
2023-12-10 19:48:25.291 [info] > git status -z -uall [1ms]
2023-12-10 19:48:29.692 [info] No remotes found in the git config file.
2023-12-10 19:48:29.692 [info] > git config --get commit.template [3ms]
2023-12-10 19:48:29.692 [info] > git for-each-ref --format=%(refname)%00%(upstream:short)%00%(objectname)%00%(upstream:track)%00%(upstream:remotename)%00%(upstream:remoteref) refs/heads/master refs/remotes/master [1ms]
2023-12-10 19:48:29.696 [info] > git status -z -uall [1ms]
2023-12-10 19:49:00.417 [info] > git config --get commit.template [3ms]
2023-12-10 19:49:00.417 [info] No remotes found in the git config file.
2023-12-10 19:49:00.417 [info] > git for-each-ref --format=%(refname)%00%(upstream:short)%00%(objectname)%00%(upstream:track)%00%(upstream:remotename)%00%(upstream:remoteref) refs/heads/master refs/remotes/master [0ms]
2023-12-10 19:49:00.421 [info] > git status -z -uall [1ms]
2023-12-10 19:49:39.770 [info] > git config --get commit.template [1ms]
2023-12-10 19:49:39.773 [info] > git for-each-ref --format=%(refname)%00%(upstream:short)%00%(objectname)%00%(upstream:track)%00%(upstream:remotename)%00%(upstream:remoteref) refs/heads/master refs/remotes/master [1ms]
2023-12-10 19:49:39.777 [info] > git status -z -uall [1ms]
2023-12-10 19:51:25.677 [info] > git fetch [375ms]
2023-12-10 19:51:25.684 [info] > git config --get commit.template [4ms]
2023-12-10 19:51:25.684 [info] > git for-each-ref --format=%(refname)%00%(upstream:short)%00%(objectname)%00%(upstream:track)%00%(upstream:remotename)%00%(upstream:remoteref) refs/heads/master refs/remotes/master [1ms]
2023-12-10 19:51:25.688 [info] > git status -z -uall [0ms]
2023-12-10 19:51:51.108 [info] > git config --get commit.template [5ms]
2023-12-10 19:51:51.108 [info] > git for-each-ref --format=%(refname)%00%(upstream:short)%00%(objectname)%00%(upstream:track)%00%(upstream:remotename)%00%(upstream:remoteref) refs/heads/master refs/remotes/master [1ms]
2023-12-10 19:51:51.113 [info] > git status -z -uall [1ms]
2023-12-10 19:52:42.585 [info] > git config --get commit.template [4ms]
2023-12-10 19:52:42.585 [info] > git for-each-ref --format=%(refname)%00%(upstream:short)%00%(objectname)%00%(upstream:track)%00%(upstream:remotename)%00%(upstream:remoteref) refs/heads/master refs/remotes/master [1ms]
2023-12-10 19:52:42.589 [info] > git status -z -uall [1ms]
2023-12-10 19:53:26.766 [warning] ENOENT: no such file or directory, open '/home/aanjoorin/globalPayments/.git/HEAD'
2023-12-10 19:53:26.770 [warning] getRemotes() - ENOENT: no such file or directory, open '/home/aanjoorin/globalPayments/.git/config'
2023-12-10 19:53:26.777 [warning] ENOENT: no such file or directory, open '/home/aanjoorin/globalPayments/.git/HEAD'
2023-12-10 19:53:26.783 [warning] getRemotes() - ENOENT: no such file or directory, open '/home/aanjoorin/globalPayments/.git/config'
