2023-12-10 16:55:25.618 [info] Extension host with pid 415 started
2023-12-10 16:55:25.618 [error] Error: EEXIST: file already exists, open '/home/aanjoorin/.vscode-server/data/User/workspaceStorage/a5d7b39197d62e4d960ca9bf6bb0643e/vscode.lock'
2023-12-10 16:55:25.640 [info] Lock '/home/aanjoorin/.vscode-server/data/User/workspaceStorage/a5d7b39197d62e4d960ca9bf6bb0643e/vscode.lock': Could not acquire lock, checking if the file is stale.
2023-12-10 16:55:25.702 [info] ExtensionService#_doActivateExtension vscode.emmet, startup: false, activationEvent: 'onLanguage'
2023-12-10 16:55:25.739 [info] Lock '/home/aanjoorin/.vscode-server/data/User/workspaceStorage/a5d7b39197d62e4d960ca9bf6bb0643e/vscode.lock': The pid 1140 appears to be gone.
2023-12-10 16:55:25.739 [info] Lock '/home/aanjoorin/.vscode-server/data/User/workspaceStorage/a5d7b39197d62e4d960ca9bf6bb0643e/vscode.lock': Deleting a stale lock.
2023-12-10 16:55:25.767 [info] Lock '/home/aanjoorin/.vscode-server/data/User/workspaceStorage/a5d7b39197d62e4d960ca9bf6bb0643e/vscode.lock': Lock acquired.
2023-12-10 16:55:25.992 [info] ExtensionService#_doActivateExtension vscode.git-base, startup: true, activationEvent: '*', root cause: vscode.git
2023-12-10 16:55:26.130 [info] ExtensionService#_doActivateExtension vscode.git, startup: true, activationEvent: '*'
2023-12-10 16:55:26.131 [info] ExtensionService#_doActivateExtension vscode.github, startup: true, activationEvent: '*'
2023-12-10 16:55:26.580 [info] ExtensionService#_doActivateExtension betajob.modulestf, startup: true, activationEvent: 'workspaceContains:**/*.tf,**/*.tf.json,**/*.tfvars,**/*.tfvars.json,**/*.tfstate,**/*.tfstate.backup,**/*.hcl'
2023-12-10 16:55:26.705 [info] Eager extensions activated
2023-12-10 16:55:26.706 [info] ExtensionService#_doActivateExtension vscode.debug-auto-launch, startup: false, activationEvent: 'onStartupFinished'
2023-12-10 16:55:26.707 [info] ExtensionService#_doActivateExtension vscode.merge-conflict, startup: false, activationEvent: 'onStartupFinished'
2023-12-10 16:55:26.708 [info] ExtensionService#_doActivateExtension circlecodesolution.ccs-flutter-color, startup: false, activationEvent: 'onStartupFinished'
2023-12-10 16:55:27.423 [error] [circlecodesolution.ccs-flutter-color] provider FAILED
2023-12-10 16:55:27.424 [error] TypeError: Cannot read properties of undefined (reading 'color')
	at t.default.provideDocumentColors (/home/aanjoorin/.vscode-server/extensions/circlecodesolution.ccs-flutter-color-1.2.1/dist/extension.js:2:1281)
	at X.provideColors (/home/aanjoorin/.vscode-server/bin/1a5daa3a0231a0fbba4f14db7ec463cf99d7768e/out/vs/workbench/api/node/extensionHostProcess.js:127:60373)
	at /home/aanjoorin/.vscode-server/bin/1a5daa3a0231a0fbba4f14db7ec463cf99d7768e/out/vs/workbench/api/node/extensionHostProcess.js:127:76307
	at be.s (/home/aanjoorin/.vscode-server/bin/1a5daa3a0231a0fbba4f14db7ec463cf99d7768e/out/vs/workbench/api/node/extensionHostProcess.js:127:65353)
	at be.$provideDocumentColors (/home/aanjoorin/.vscode-server/bin/1a5daa3a0231a0fbba4f14db7ec463cf99d7768e/out/vs/workbench/api/node/extensionHostProcess.js:127:76294)
	at n.S (/home/aanjoorin/.vscode-server/bin/1a5daa3a0231a0fbba4f14db7ec463cf99d7768e/out/vs/workbench/api/node/extensionHostProcess.js:134:10836)
	at n.Q (/home/aanjoorin/.vscode-server/bin/1a5daa3a0231a0fbba4f14db7ec463cf99d7768e/out/vs/workbench/api/node/extensionHostProcess.js:134:10602)
	at n.M (/home/aanjoorin/.vscode-server/bin/1a5daa3a0231a0fbba4f14db7ec463cf99d7768e/out/vs/workbench/api/node/extensionHostProcess.js:134:9647)
	at n.L (/home/aanjoorin/.vscode-server/bin/1a5daa3a0231a0fbba4f14db7ec463cf99d7768e/out/vs/workbench/api/node/extensionHostProcess.js:134:8762)
	at h.value (/home/aanjoorin/.vscode-server/bin/1a5daa3a0231a0fbba4f14db7ec463cf99d7768e/out/vs/workbench/api/node/extensionHostProcess.js:134:7565)
	at c.y (/home/aanjoorin/.vscode-server/bin/1a5daa3a0231a0fbba4f14db7ec463cf99d7768e/out/vs/workbench/api/node/extensionHostProcess.js:80:1902)
	at c.fire (/home/aanjoorin/.vscode-server/bin/1a5daa3a0231a0fbba4f14db7ec463cf99d7768e/out/vs/workbench/api/node/extensionHostProcess.js:80:2119)
	at d.fire (/home/aanjoorin/.vscode-server/bin/1a5daa3a0231a0fbba4f14db7ec463cf99d7768e/out/vs/workbench/api/node/extensionHostProcess.js:96:14047)
	at h.value (/home/aanjoorin/.vscode-server/bin/1a5daa3a0231a0fbba4f14db7ec463cf99d7768e/out/vs/workbench/api/node/extensionHostProcess.js:153:7918)
	at c.y (/home/aanjoorin/.vscode-server/bin/1a5daa3a0231a0fbba4f14db7ec463cf99d7768e/out/vs/workbench/api/node/extensionHostProcess.js:80:1902)
	at c.fire (/home/aanjoorin/.vscode-server/bin/1a5daa3a0231a0fbba4f14db7ec463cf99d7768e/out/vs/workbench/api/node/extensionHostProcess.js:80:2119)
	at d.fire (/home/aanjoorin/.vscode-server/bin/1a5daa3a0231a0fbba4f14db7ec463cf99d7768e/out/vs/workbench/api/node/extensionHostProcess.js:96:14047)
	at s.z (/home/aanjoorin/.vscode-server/bin/1a5daa3a0231a0fbba4f14db7ec463cf99d7768e/out/vs/workbench/api/node/extensionHostProcess.js:96:17112)
	at h.value (/home/aanjoorin/.vscode-server/bin/1a5daa3a0231a0fbba4f14db7ec463cf99d7768e/out/vs/workbench/api/node/extensionHostProcess.js:96:15564)
	at c.y (/home/aanjoorin/.vscode-server/bin/1a5daa3a0231a0fbba4f14db7ec463cf99d7768e/out/vs/workbench/api/node/extensionHostProcess.js:80:1902)
	at c.fire (/home/aanjoorin/.vscode-server/bin/1a5daa3a0231a0fbba4f14db7ec463cf99d7768e/out/vs/workbench/api/node/extensionHostProcess.js:80:2119)
	at h.acceptChunk (/home/aanjoorin/.vscode-server/bin/1a5daa3a0231a0fbba4f14db7ec463cf99d7768e/out/vs/workbench/api/node/extensionHostProcess.js:96:11821)
	at h.value (/home/aanjoorin/.vscode-server/bin/1a5daa3a0231a0fbba4f14db7ec463cf99d7768e/out/vs/workbench/api/node/extensionHostProcess.js:96:11108)
	at c.y (/home/aanjoorin/.vscode-server/bin/1a5daa3a0231a0fbba4f14db7ec463cf99d7768e/out/vs/workbench/api/node/extensionHostProcess.js:80:1902)
	at c.fire (/home/aanjoorin/.vscode-server/bin/1a5daa3a0231a0fbba4f14db7ec463cf99d7768e/out/vs/workbench/api/node/extensionHostProcess.js:80:2119)
	at c.z (/home/aanjoorin/.vscode-server/bin/1a5daa3a0231a0fbba4f14db7ec463cf99d7768e/out/vs/workbench/api/node/extensionHostProcess.js:150:19408)
	at c.acceptFrame (/home/aanjoorin/.vscode-server/bin/1a5daa3a0231a0fbba4f14db7ec463cf99d7768e/out/vs/workbench/api/node/extensionHostProcess.js:150:19214)
	at l.n (/home/aanjoorin/.vscode-server/bin/1a5daa3a0231a0fbba4f14db7ec463cf99d7768e/out/vs/workbench/api/node/extensionHostProcess.js:150:17713)
	at /home/aanjoorin/.vscode-server/bin/1a5daa3a0231a0fbba4f14db7ec463cf99d7768e/out/vs/workbench/api/node/extensionHostProcess.js:150:14933
	at Socket.p (/home/aanjoorin/.vscode-server/bin/1a5daa3a0231a0fbba4f14db7ec463cf99d7768e/out/vs/workbench/api/node/extensionHostProcess.js:150:12838)
	at Socket.emit (node:events:513:28)
	at addChunk (node:internal/streams/readable:324:12)
	at readableAddChunk (node:internal/streams/readable:297:9)
	at Readable.push (node:internal/streams/readable:234:10)
	at TCP.onStreamRead (node:internal/stream_base_commons:190:23)
2023-12-10 16:55:27.425 [error] [circlecodesolution.ccs-flutter-color] provider FAILED
2023-12-10 16:55:27.425 [error] TypeError: Cannot read properties of undefined (reading 'color')
	at t.default.provideDocumentColors (/home/aanjoorin/.vscode-server/extensions/circlecodesolution.ccs-flutter-color-1.2.1/dist/extension.js:2:1281)
	at X.provideColors (/home/aanjoorin/.vscode-server/bin/1a5daa3a0231a0fbba4f14db7ec463cf99d7768e/out/vs/workbench/api/node/extensionHostProcess.js:127:60373)
	at /home/aanjoorin/.vscode-server/bin/1a5daa3a0231a0fbba4f14db7ec463cf99d7768e/out/vs/workbench/api/node/extensionHostProcess.js:127:76307
	at be.s (/home/aanjoorin/.vscode-server/bin/1a5daa3a0231a0fbba4f14db7ec463cf99d7768e/out/vs/workbench/api/node/extensionHostProcess.js:127:65353)
	at be.$provideDocumentColors (/home/aanjoorin/.vscode-server/bin/1a5daa3a0231a0fbba4f14db7ec463cf99d7768e/out/vs/workbench/api/node/extensionHostProcess.js:127:76294)
	at n.S (/home/aanjoorin/.vscode-server/bin/1a5daa3a0231a0fbba4f14db7ec463cf99d7768e/out/vs/workbench/api/node/extensionHostProcess.js:134:10836)
	at n.Q (/home/aanjoorin/.vscode-server/bin/1a5daa3a0231a0fbba4f14db7ec463cf99d7768e/out/vs/workbench/api/node/extensionHostProcess.js:134:10602)
	at n.M (/home/aanjoorin/.vscode-server/bin/1a5daa3a0231a0fbba4f14db7ec463cf99d7768e/out/vs/workbench/api/node/extensionHostProcess.js:134:9647)
	at n.L (/home/aanjoorin/.vscode-server/bin/1a5daa3a0231a0fbba4f14db7ec463cf99d7768e/out/vs/workbench/api/node/extensionHostProcess.js:134:8762)
	at h.value (/home/aanjoorin/.vscode-server/bin/1a5daa3a0231a0fbba4f14db7ec463cf99d7768e/out/vs/workbench/api/node/extensionHostProcess.js:134:7565)
	at c.y (/home/aanjoorin/.vscode-server/bin/1a5daa3a0231a0fbba4f14db7ec463cf99d7768e/out/vs/workbench/api/node/extensionHostProcess.js:80:1902)
	at c.fire (/home/aanjoorin/.vscode-server/bin/1a5daa3a0231a0fbba4f14db7ec463cf99d7768e/out/vs/workbench/api/node/extensionHostProcess.js:80:2119)
	at d.fire (/home/aanjoorin/.vscode-server/bin/1a5daa3a0231a0fbba4f14db7ec463cf99d7768e/out/vs/workbench/api/node/extensionHostProcess.js:96:14047)
	at h.value (/home/aanjoorin/.vscode-server/bin/1a5daa3a0231a0fbba4f14db7ec463cf99d7768e/out/vs/workbench/api/node/extensionHostProcess.js:153:7918)
	at c.y (/home/aanjoorin/.vscode-server/bin/1a5daa3a0231a0fbba4f14db7ec463cf99d7768e/out/vs/workbench/api/node/extensionHostProcess.js:80:1902)
	at c.fire (/home/aanjoorin/.vscode-server/bin/1a5daa3a0231a0fbba4f14db7ec463cf99d7768e/out/vs/workbench/api/node/extensionHostProcess.js:80:2119)
	at d.fire (/home/aanjoorin/.vscode-server/bin/1a5daa3a0231a0fbba4f14db7ec463cf99d7768e/out/vs/workbench/api/node/extensionHostProcess.js:96:14047)
	at s.z (/home/aanjoorin/.vscode-server/bin/1a5daa3a0231a0fbba4f14db7ec463cf99d7768e/out/vs/workbench/api/node/extensionHostProcess.js:96:17112)
	at h.value (/home/aanjoorin/.vscode-server/bin/1a5daa3a0231a0fbba4f14db7ec463cf99d7768e/out/vs/workbench/api/node/extensionHostProcess.js:96:15564)
	at c.y (/home/aanjoorin/.vscode-server/bin/1a5daa3a0231a0fbba4f14db7ec463cf99d7768e/out/vs/workbench/api/node/extensionHostProcess.js:80:1902)
	at c.fire (/home/aanjoorin/.vscode-server/bin/1a5daa3a0231a0fbba4f14db7ec463cf99d7768e/out/vs/workbench/api/node/extensionHostProcess.js:80:2119)
	at h.acceptChunk (/home/aanjoorin/.vscode-server/bin/1a5daa3a0231a0fbba4f14db7ec463cf99d7768e/out/vs/workbench/api/node/extensionHostProcess.js:96:11821)
	at h.value (/home/aanjoorin/.vscode-server/bin/1a5daa3a0231a0fbba4f14db7ec463cf99d7768e/out/vs/workbench/api/node/extensionHostProcess.js:96:11108)
	at c.y (/home/aanjoorin/.vscode-server/bin/1a5daa3a0231a0fbba4f14db7ec463cf99d7768e/out/vs/workbench/api/node/extensionHostProcess.js:80:1902)
	at c.fire (/home/aanjoorin/.vscode-server/bin/1a5daa3a0231a0fbba4f14db7ec463cf99d7768e/out/vs/workbench/api/node/extensionHostProcess.js:80:2119)
	at c.z (/home/aanjoorin/.vscode-server/bin/1a5daa3a0231a0fbba4f14db7ec463cf99d7768e/out/vs/workbench/api/node/extensionHostProcess.js:150:19408)
	at c.acceptFrame (/home/aanjoorin/.vscode-server/bin/1a5daa3a0231a0fbba4f14db7ec463cf99d7768e/out/vs/workbench/api/node/extensionHostProcess.js:150:19214)
	at l.n (/home/aanjoorin/.vscode-server/bin/1a5daa3a0231a0fbba4f14db7ec463cf99d7768e/out/vs/workbench/api/node/extensionHostProcess.js:150:17713)
	at /home/aanjoorin/.vscode-server/bin/1a5daa3a0231a0fbba4f14db7ec463cf99d7768e/out/vs/workbench/api/node/extensionHostProcess.js:150:14933
	at Socket.p (/home/aanjoorin/.vscode-server/bin/1a5daa3a0231a0fbba4f14db7ec463cf99d7768e/out/vs/workbench/api/node/extensionHostProcess.js:150:12838)
	at Socket.emit (node:events:513:28)
	at addChunk (node:internal/streams/readable:324:12)
	at readableAddChunk (node:internal/streams/readable:297:9)
	at Readable.push (node:internal/streams/readable:234:10)
	at TCP.onStreamRead (node:internal/stream_base_commons:190:23)
2023-12-10 16:55:35.609 [info] Extension host terminating: received terminate message from renderer
2023-12-10 16:55:35.610 [info] Lock '/home/aanjoorin/.vscode-server/data/User/workspaceStorage/a5d7b39197d62e4d960ca9bf6bb0643e/vscode.lock': Marking the lockfile as scheduled to be released in 6000 ms.
2023-12-10 16:55:35.643 [error] Canceled: Canceled
	at new f (/home/aanjoorin/.vscode-server/bin/1a5daa3a0231a0fbba4f14db7ec463cf99d7768e/out/vs/workbench/api/node/extensionHostProcess.js:125:108614)
	at n.U (/home/aanjoorin/.vscode-server/bin/1a5daa3a0231a0fbba4f14db7ec463cf99d7768e/out/vs/workbench/api/node/extensionHostProcess.js:134:10873)
	at F.<computed>.z.charCodeAt.F.<computed> (/home/aanjoorin/.vscode-server/bin/1a5daa3a0231a0fbba4f14db7ec463cf99d7768e/out/vs/workbench/api/node/extensionHostProcess.js:134:8315)
	at i.g (/home/aanjoorin/.vscode-server/bin/1a5daa3a0231a0fbba4f14db7ec463cf99d7768e/out/vs/workbench/api/node/extensionHostProcess.js:125:139130)
	at i.executeCommand (/home/aanjoorin/.vscode-server/bin/1a5daa3a0231a0fbba4f14db7ec463cf99d7768e/out/vs/workbench/api/node/extensionHostProcess.js:125:138568)
	at $.registerCommand.description (/home/aanjoorin/.vscode-server/bin/1a5daa3a0231a0fbba4f14db7ec463cf99d7768e/out/vs/workbench/api/node/extensionHostProcess.js:125:137892)
	at i.h (/home/aanjoorin/.vscode-server/bin/1a5daa3a0231a0fbba4f14db7ec463cf99d7768e/out/vs/workbench/api/node/extensionHostProcess.js:125:139669)
	at i.g (/home/aanjoorin/.vscode-server/bin/1a5daa3a0231a0fbba4f14db7ec463cf99d7768e/out/vs/workbench/api/node/extensionHostProcess.js:125:138661)
	at i.executeCommand (/home/aanjoorin/.vscode-server/bin/1a5daa3a0231a0fbba4f14db7ec463cf99d7768e/out/vs/workbench/api/node/extensionHostProcess.js:125:138568)
	at Object.executeCommand (/home/aanjoorin/.vscode-server/bin/1a5daa3a0231a0fbba4f14db7ec463cf99d7768e/out/vs/workbench/api/node/extensionHostProcess.js:140:21329)
	at h.D [as value] (/home/aanjoorin/.vscode-server/bin/1a5daa3a0231a0fbba4f14db7ec463cf99d7768e/extensions/git/dist/main.js:2:1316925)
	at c.y (/home/aanjoorin/.vscode-server/bin/1a5daa3a0231a0fbba4f14db7ec463cf99d7768e/out/vs/workbench/api/node/extensionHostProcess.js:80:1902)
	at c.z (/home/aanjoorin/.vscode-server/bin/1a5daa3a0231a0fbba4f14db7ec463cf99d7768e/out/vs/workbench/api/node/extensionHostProcess.js:80:1972)
	at c.fire (/home/aanjoorin/.vscode-server/bin/1a5daa3a0231a0fbba4f14db7ec463cf99d7768e/out/vs/workbench/api/node/extensionHostProcess.js:80:2188)
	at Object.m [as dispose] (/home/aanjoorin/.vscode-server/bin/1a5daa3a0231a0fbba4f14db7ec463cf99d7768e/extensions/git/dist/main.js:2:1332842)
	at /home/aanjoorin/.vscode-server/bin/1a5daa3a0231a0fbba4f14db7ec463cf99d7768e/extensions/git/dist/main.js:2:1337795
	at Array.forEach (<anonymous>)
	at g.dispose (/home/aanjoorin/.vscode-server/bin/1a5daa3a0231a0fbba4f14db7ec463cf99d7768e/extensions/git/dist/main.js:2:1337781)
	at w.<anonymous> (/home/aanjoorin/.vscode-server/bin/1a5daa3a0231a0fbba4f14db7ec463cf99d7768e/out/vs/workbench/api/node/extensionHostProcess.js:121:3572)
	at w.dispose (/home/aanjoorin/.vscode-server/bin/1a5daa3a0231a0fbba4f14db7ec463cf99d7768e/out/vs/workbench/api/node/extensionHostProcess.js:121:3669)
	at w.<anonymous> (/home/aanjoorin/.vscode-server/bin/1a5daa3a0231a0fbba4f14db7ec463cf99d7768e/extensions/git/dist/main.js:2:1318937)
	at w.dispose (/home/aanjoorin/.vscode-server/bin/1a5daa3a0231a0fbba4f14db7ec463cf99d7768e/out/vs/workbench/api/node/extensionHostProcess.js:121:3669)
	at o (/home/aanjoorin/.vscode-server/bin/1a5daa3a0231a0fbba4f14db7ec463cf99d7768e/out/vs/workbench/api/node/extensionHostProcess.js:30:754)
	at h.cb (/home/aanjoorin/.vscode-server/bin/1a5daa3a0231a0fbba4f14db7ec463cf99d7768e/out/vs/workbench/api/node/extensionHostProcess.js:136:9843)
	at /home/aanjoorin/.vscode-server/bin/1a5daa3a0231a0fbba4f14db7ec463cf99d7768e/out/vs/workbench/api/node/extensionHostProcess.js:136:7793
	at Array.map (<anonymous>)
	at h.Y (/home/aanjoorin/.vscode-server/bin/1a5daa3a0231a0fbba4f14db7ec463cf99d7768e/out/vs/workbench/api/node/extensionHostProcess.js:136:7781)
	at h.terminate (/home/aanjoorin/.vscode-server/bin/1a5daa3a0231a0fbba4f14db7ec463cf99d7768e/out/vs/workbench/api/node/extensionHostProcess.js:136:8051)
	at o.terminate (/home/aanjoorin/.vscode-server/bin/1a5daa3a0231a0fbba4f14db7ec463cf99d7768e/out/vs/workbench/api/node/extensionHostProcess.js:140:1513)
	at a (/home/aanjoorin/.vscode-server/bin/1a5daa3a0231a0fbba4f14db7ec463cf99d7768e/out/vs/workbench/api/node/extensionHostProcess.js:153:9817)
	at h.value (/home/aanjoorin/.vscode-server/bin/1a5daa3a0231a0fbba4f14db7ec463cf99d7768e/out/vs/workbench/api/node/extensionHostProcess.js:153:7864)
	at c.y (/home/aanjoorin/.vscode-server/bin/1a5daa3a0231a0fbba4f14db7ec463cf99d7768e/out/vs/workbench/api/node/extensionHostProcess.js:80:1902)
	at c.fire (/home/aanjoorin/.vscode-server/bin/1a5daa3a0231a0fbba4f14db7ec463cf99d7768e/out/vs/workbench/api/node/extensionHostProcess.js:80:2119)
	at d.fire (/home/aanjoorin/.vscode-server/bin/1a5daa3a0231a0fbba4f14db7ec463cf99d7768e/out/vs/workbench/api/node/extensionHostProcess.js:96:14047)
	at s.z (/home/aanjoorin/.vscode-server/bin/1a5daa3a0231a0fbba4f14db7ec463cf99d7768e/out/vs/workbench/api/node/extensionHostProcess.js:96:17112)
	at h.value (/home/aanjoorin/.vscode-server/bin/1a5daa3a0231a0fbba4f14db7ec463cf99d7768e/out/vs/workbench/api/node/extensionHostProcess.js:96:15564)
	at c.y (/home/aanjoorin/.vscode-server/bin/1a5daa3a0231a0fbba4f14db7ec463cf99d7768e/out/vs/workbench/api/node/extensionHostProcess.js:80:1902)
	at c.fire (/home/aanjoorin/.vscode-server/bin/1a5daa3a0231a0fbba4f14db7ec463cf99d7768e/out/vs/workbench/api/node/extensionHostProcess.js:80:2119)
	at h.acceptChunk (/home/aanjoorin/.vscode-server/bin/1a5daa3a0231a0fbba4f14db7ec463cf99d7768e/out/vs/workbench/api/node/extensionHostProcess.js:96:11821)
	at h.value (/home/aanjoorin/.vscode-server/bin/1a5daa3a0231a0fbba4f14db7ec463cf99d7768e/out/vs/workbench/api/node/extensionHostProcess.js:96:11108)
	at c.y (/home/aanjoorin/.vscode-server/bin/1a5daa3a0231a0fbba4f14db7ec463cf99d7768e/out/vs/workbench/api/node/extensionHostProcess.js:80:1902)
	at c.fire (/home/aanjoorin/.vscode-server/bin/1a5daa3a0231a0fbba4f14db7ec463cf99d7768e/out/vs/workbench/api/node/extensionHostProcess.js:80:2119)
	at c.z (/home/aanjoorin/.vscode-server/bin/1a5daa3a0231a0fbba4f14db7ec463cf99d7768e/out/vs/workbench/api/node/extensionHostProcess.js:150:19408)
	at c.acceptFrame (/home/aanjoorin/.vscode-server/bin/1a5daa3a0231a0fbba4f14db7ec463cf99d7768e/out/vs/workbench/api/node/extensionHostProcess.js:150:19214)
	at l.n (/home/aanjoorin/.vscode-server/bin/1a5daa3a0231a0fbba4f14db7ec463cf99d7768e/out/vs/workbench/api/node/extensionHostProcess.js:150:17713)
	at /home/aanjoorin/.vscode-server/bin/1a5daa3a0231a0fbba4f14db7ec463cf99d7768e/out/vs/workbench/api/node/extensionHostProcess.js:150:14933
	at Socket.p (/home/aanjoorin/.vscode-server/bin/1a5daa3a0231a0fbba4f14db7ec463cf99d7768e/out/vs/workbench/api/node/extensionHostProcess.js:150:12838)
	at Socket.emit (node:events:513:28)
	at addChunk (node:internal/streams/readable:324:12)
	at readableAddChunk (node:internal/streams/readable:297:9)
	at Readable.push (node:internal/streams/readable:234:10)
	at TCP.onStreamRead (node:internal/stream_base_commons:190:23) setContext undefined
2023-12-10 16:55:35.648 [error] Canceled: Canceled
	at new f (/home/aanjoorin/.vscode-server/bin/1a5daa3a0231a0fbba4f14db7ec463cf99d7768e/out/vs/workbench/api/node/extensionHostProcess.js:125:108614)
	at n.U (/home/aanjoorin/.vscode-server/bin/1a5daa3a0231a0fbba4f14db7ec463cf99d7768e/out/vs/workbench/api/node/extensionHostProcess.js:134:10873)
	at F.<computed>.z.charCodeAt.F.<computed> (/home/aanjoorin/.vscode-server/bin/1a5daa3a0231a0fbba4f14db7ec463cf99d7768e/out/vs/workbench/api/node/extensionHostProcess.js:134:8315)
	at i.g (/home/aanjoorin/.vscode-server/bin/1a5daa3a0231a0fbba4f14db7ec463cf99d7768e/out/vs/workbench/api/node/extensionHostProcess.js:125:139130)
	at i.executeCommand (/home/aanjoorin/.vscode-server/bin/1a5daa3a0231a0fbba4f14db7ec463cf99d7768e/out/vs/workbench/api/node/extensionHostProcess.js:125:138568)
	at $.registerCommand.description (/home/aanjoorin/.vscode-server/bin/1a5daa3a0231a0fbba4f14db7ec463cf99d7768e/out/vs/workbench/api/node/extensionHostProcess.js:125:137892)
	at i.h (/home/aanjoorin/.vscode-server/bin/1a5daa3a0231a0fbba4f14db7ec463cf99d7768e/out/vs/workbench/api/node/extensionHostProcess.js:125:139669)
	at i.g (/home/aanjoorin/.vscode-server/bin/1a5daa3a0231a0fbba4f14db7ec463cf99d7768e/out/vs/workbench/api/node/extensionHostProcess.js:125:138661)
	at i.executeCommand (/home/aanjoorin/.vscode-server/bin/1a5daa3a0231a0fbba4f14db7ec463cf99d7768e/out/vs/workbench/api/node/extensionHostProcess.js:125:138568)
	at Object.executeCommand (/home/aanjoorin/.vscode-server/bin/1a5daa3a0231a0fbba4f14db7ec463cf99d7768e/out/vs/workbench/api/node/extensionHostProcess.js:140:21329)
	at set b [as b] (/home/aanjoorin/.vscode-server/bin/1a5daa3a0231a0fbba4f14db7ec463cf99d7768e/extensions/github/dist/extension.js:2:714708)
	at /home/aanjoorin/.vscode-server/bin/1a5daa3a0231a0fbba4f14db7ec463cf99d7768e/extensions/github/dist/extension.js:2:715349
	at h.value (/home/aanjoorin/.vscode-server/bin/1a5daa3a0231a0fbba4f14db7ec463cf99d7768e/extensions/git/dist/main.js:2:1408111)
	at c.y (/home/aanjoorin/.vscode-server/bin/1a5daa3a0231a0fbba4f14db7ec463cf99d7768e/out/vs/workbench/api/node/extensionHostProcess.js:80:1902)
	at c.z (/home/aanjoorin/.vscode-server/bin/1a5daa3a0231a0fbba4f14db7ec463cf99d7768e/out/vs/workbench/api/node/extensionHostProcess.js:80:1972)
	at c.fire (/home/aanjoorin/.vscode-server/bin/1a5daa3a0231a0fbba4f14db7ec463cf99d7768e/out/vs/workbench/api/node/extensionHostProcess.js:80:2188)
	at Object.m [as dispose] (/home/aanjoorin/.vscode-server/bin/1a5daa3a0231a0fbba4f14db7ec463cf99d7768e/extensions/git/dist/main.js:2:1332842)
	at /home/aanjoorin/.vscode-server/bin/1a5daa3a0231a0fbba4f14db7ec463cf99d7768e/extensions/git/dist/main.js:2:1337795
	at Array.forEach (<anonymous>)
	at g.dispose (/home/aanjoorin/.vscode-server/bin/1a5daa3a0231a0fbba4f14db7ec463cf99d7768e/extensions/git/dist/main.js:2:1337781)
	at w.<anonymous> (/home/aanjoorin/.vscode-server/bin/1a5daa3a0231a0fbba4f14db7ec463cf99d7768e/out/vs/workbench/api/node/extensionHostProcess.js:121:3572)
	at w.dispose (/home/aanjoorin/.vscode-server/bin/1a5daa3a0231a0fbba4f14db7ec463cf99d7768e/out/vs/workbench/api/node/extensionHostProcess.js:121:3669)
	at w.<anonymous> (/home/aanjoorin/.vscode-server/bin/1a5daa3a0231a0fbba4f14db7ec463cf99d7768e/extensions/git/dist/main.js:2:1318937)
	at w.dispose (/home/aanjoorin/.vscode-server/bin/1a5daa3a0231a0fbba4f14db7ec463cf99d7768e/out/vs/workbench/api/node/extensionHostProcess.js:121:3669)
	at o (/home/aanjoorin/.vscode-server/bin/1a5daa3a0231a0fbba4f14db7ec463cf99d7768e/out/vs/workbench/api/node/extensionHostProcess.js:30:754)
	at h.cb (/home/aanjoorin/.vscode-server/bin/1a5daa3a0231a0fbba4f14db7ec463cf99d7768e/out/vs/workbench/api/node/extensionHostProcess.js:136:9843)
	at /home/aanjoorin/.vscode-server/bin/1a5daa3a0231a0fbba4f14db7ec463cf99d7768e/out/vs/workbench/api/node/extensionHostProcess.js:136:7793
	at Array.map (<anonymous>)
	at h.Y (/home/aanjoorin/.vscode-server/bin/1a5daa3a0231a0fbba4f14db7ec463cf99d7768e/out/vs/workbench/api/node/extensionHostProcess.js:136:7781)
	at h.terminate (/home/aanjoorin/.vscode-server/bin/1a5daa3a0231a0fbba4f14db7ec463cf99d7768e/out/vs/workbench/api/node/extensionHostProcess.js:136:8051)
	at o.terminate (/home/aanjoorin/.vscode-server/bin/1a5daa3a0231a0fbba4f14db7ec463cf99d7768e/out/vs/workbench/api/node/extensionHostProcess.js:140:1513)
	at a (/home/aanjoorin/.vscode-server/bin/1a5daa3a0231a0fbba4f14db7ec463cf99d7768e/out/vs/workbench/api/node/extensionHostProcess.js:153:9817)
	at h.value (/home/aanjoorin/.vscode-server/bin/1a5daa3a0231a0fbba4f14db7ec463cf99d7768e/out/vs/workbench/api/node/extensionHostProcess.js:153:7864)
	at c.y (/home/aanjoorin/.vscode-server/bin/1a5daa3a0231a0fbba4f14db7ec463cf99d7768e/out/vs/workbench/api/node/extensionHostProcess.js:80:1902)
	at c.fire (/home/aanjoorin/.vscode-server/bin/1a5daa3a0231a0fbba4f14db7ec463cf99d7768e/out/vs/workbench/api/node/extensionHostProcess.js:80:2119)
	at d.fire (/home/aanjoorin/.vscode-server/bin/1a5daa3a0231a0fbba4f14db7ec463cf99d7768e/out/vs/workbench/api/node/extensionHostProcess.js:96:14047)
	at s.z (/home/aanjoorin/.vscode-server/bin/1a5daa3a0231a0fbba4f14db7ec463cf99d7768e/out/vs/workbench/api/node/extensionHostProcess.js:96:17112)
	at h.value (/home/aanjoorin/.vscode-server/bin/1a5daa3a0231a0fbba4f14db7ec463cf99d7768e/out/vs/workbench/api/node/extensionHostProcess.js:96:15564)
	at c.y (/home/aanjoorin/.vscode-server/bin/1a5daa3a0231a0fbba4f14db7ec463cf99d7768e/out/vs/workbench/api/node/extensionHostProcess.js:80:1902)
	at c.fire (/home/aanjoorin/.vscode-server/bin/1a5daa3a0231a0fbba4f14db7ec463cf99d7768e/out/vs/workbench/api/node/extensionHostProcess.js:80:2119)
	at h.acceptChunk (/home/aanjoorin/.vscode-server/bin/1a5daa3a0231a0fbba4f14db7ec463cf99d7768e/out/vs/workbench/api/node/extensionHostProcess.js:96:11821)
	at h.value (/home/aanjoorin/.vscode-server/bin/1a5daa3a0231a0fbba4f14db7ec463cf99d7768e/out/vs/workbench/api/node/extensionHostProcess.js:96:11108)
	at c.y (/home/aanjoorin/.vscode-server/bin/1a5daa3a0231a0fbba4f14db7ec463cf99d7768e/out/vs/workbench/api/node/extensionHostProcess.js:80:1902)
	at c.fire (/home/aanjoorin/.vscode-server/bin/1a5daa3a0231a0fbba4f14db7ec463cf99d7768e/out/vs/workbench/api/node/extensionHostProcess.js:80:2119)
	at c.z (/home/aanjoorin/.vscode-server/bin/1a5daa3a0231a0fbba4f14db7ec463cf99d7768e/out/vs/workbench/api/node/extensionHostProcess.js:150:19408)
	at c.acceptFrame (/home/aanjoorin/.vscode-server/bin/1a5daa3a0231a0fbba4f14db7ec463cf99d7768e/out/vs/workbench/api/node/extensionHostProcess.js:150:19214)
	at l.n (/home/aanjoorin/.vscode-server/bin/1a5daa3a0231a0fbba4f14db7ec463cf99d7768e/out/vs/workbench/api/node/extensionHostProcess.js:150:17713)
	at /home/aanjoorin/.vscode-server/bin/1a5daa3a0231a0fbba4f14db7ec463cf99d7768e/out/vs/workbench/api/node/extensionHostProcess.js:150:14933
	at Socket.p (/home/aanjoorin/.vscode-server/bin/1a5daa3a0231a0fbba4f14db7ec463cf99d7768e/out/vs/workbench/api/node/extensionHostProcess.js:150:12838)
	at Socket.emit (node:events:513:28)
	at addChunk (node:internal/streams/readable:324:12)
	at readableAddChunk (node:internal/streams/readable:297:9)
	at Readable.push (node:internal/streams/readable:234:10)
	at TCP.onStreamRead (node:internal/stream_base_commons:190:23) setContext undefined
2023-12-10 16:55:35.654 [info] Extension host with pid 415 exiting with code 0
