Starting...
[Info  - 3:39:11 PM] Language service initialization...
[Info  - 3:39:11 PM] folder: aanjoorin -> /home/aanjoorin

Thank you for installing modules.tf - a VSCode extension for Terraform users!

This is an alpha release that will stop working after the 31st of December 2022.
We will publish another release by that time. Stay tuned for more updates!

[Follow @modulestf](https://twitter.com/modulestf)

[Info  - 3:39:26 PM] Connection to server got closed. Server will restart.
[Info  - 3:39:26 PM] Language service initialization...
[Info  - 3:39:26 PM] folder: aanjoorin -> /home/aanjoorin

Thank you for installing modules.tf - a VSCode extension for Terraform users!

This is an alpha release that will stop working after the 31st of December 2022.
We will publish another release by that time. Stay tuned for more updates!

[Follow @modulestf](https://twitter.com/modulestf)

[Info  - 3:39:44 PM] Connection to server got closed. Server will restart.
[Info  - 3:39:44 PM] Language service initialization...
[Info  - 3:39:44 PM] folder: aanjoorin -> /home/aanjoorin

Thank you for installing modules.tf - a VSCode extension for Terraform users!

This is an alpha release that will stop working after the 31st of December 2022.
We will publish another release by that time. Stay tuned for more updates!

[Follow @modulestf](https://twitter.com/modulestf)

[Info  - 3:39:58 PM] Connection to server got closed. Server will restart.
[Info  - 3:39:58 PM] Language service initialization...
[Info  - 3:39:58 PM] folder: aanjoorin -> /home/aanjoorin

Thank you for installing modules.tf - a VSCode extension for Terraform users!

This is an alpha release that will stop working after the 31st of December 2022.
We will publish another release by that time. Stay tuned for more updates!

[Follow @modulestf](https://twitter.com/modulestf)

[Error - 3:40:12 PM] Connection to server got closed. Server will not be restarted.
